2017/10/21 20:29:58 [INFO] Created default configuration file at /Users/vitalijreicherdt/BlockChain/Fabric/B9Lab/pcxchg/crypto-config/peerOrganizations/HP.com/ca/root/fabric-ca-server-config.yaml
2017/10/21 20:29:58 [INFO] Starting server in home directory: /Users/vitalijreicherdt/BlockChain/Fabric/B9Lab/pcxchg/crypto-config/peerOrganizations/HP.com/ca/root
2017/10/21 20:29:58 [DEBUG] CA Home Directory: /Users/vitalijreicherdt/BlockChain/Fabric/B9Lab/pcxchg/crypto-config/peerOrganizations/HP.com/ca/root
2017/10/21 20:29:58 [DEBUG] Making server filenames absolute
2017/10/21 20:29:58 [DEBUG] Initializing default CA in directory /Users/vitalijreicherdt/BlockChain/Fabric/B9Lab/pcxchg/crypto-config/peerOrganizations/HP.com/ca/root
2017/10/21 20:29:58 [DEBUG] Init CA with home /Users/vitalijreicherdt/BlockChain/Fabric/B9Lab/pcxchg/crypto-config/peerOrganizations/HP.com/ca/root and config {CA:{Name: Keyfile:ca-key.pem Certfile:ca-cert.pem Chainfile:ca-chain.pem} Signing:0xc4202c0010 CSR:{CN:fabric-ca-server Names:[{C:US ST:North Carolina L: O:Hyperledger OU:Fabric SerialNumber:}] Hosts:[Vitalijs-MBP-2.fritz.box localhost] KeyRequest:<nil> CA:0xc4202b1940 SerialNumber:} Registry:{MaxEnrollments:-1 Identities:[{ Name:**** Pass:**** Type:client Affiliation: MaxEnrollments:-1 Attrs:map[hf.Registrar.Roles:client,user,peer,validator,auditor hf.Registrar.DelegateRoles:client,user,validator,auditor hf.Revoker:1 hf.IntermediateCA:1]  }]} Affiliations:map[org1:[department1 department2] org2:[department1]] LDAP:{ Enabled:false URL:ldap://****:****@<host>:<port>/<base> UserFilter:(uid=%s) GroupFilter:(memberUid=%s) TLS:{false [ldap-server-cert.pem] {ldap-client-key.pem ldap-client-cert.pem}}  } DB:{ Type:sqlite3 Datasource:fabric-ca-server.db TLS:{false [db-server-cert.pem] {db-client-key.pem db-client-cert.pem}}  } CSP:0xc4202c62c0 Client:<nil> Intermediate:{ParentServer:{URL: CAName:} TLS:{Enabled:false CertFiles:[] Client:{KeyFile: CertFile:}} Enrollment:{Name: Secret: Profile: Label: CSR:<nil> CAName:}}}
2017/10/21 20:29:58 [DEBUG] CA Home Directory: /Users/vitalijreicherdt/BlockChain/Fabric/B9Lab/pcxchg/crypto-config/peerOrganizations/HP.com/ca/root
2017/10/21 20:29:58 [DEBUG] Initializing BCCSP: &{ProviderName:SW SwOpts:0xc4202b3050 Pkcs11Opts:<nil>}
2017/10/21 20:29:58 [DEBUG] Initializing BCCSP with software options &{SecLevel:256 HashFamily:SHA2 Ephemeral:false FileKeystore:0xc4202c83e0 DummyKeystore:<nil>}
2017/10/21 20:29:58 [DEBUG] Initialize key material
2017/10/21 20:29:58 [DEBUG] Making CA filenames absolute
2017/10/21 20:29:58 [DEBUG] Getting CA cert; parent server URL is ''
2017/10/21 20:29:58 [DEBUG] Root CA certificate request: {CN:fabric-ca-server Names:[{C:US ST:North Carolina L: O:Hyperledger OU:Fabric SerialNumber:}] Hosts:[Vitalijs-MBP-2.fritz.box localhost] KeyRequest:0xc4202c7240 CA:0xc4202b1940 SerialNumber:}
2017/10/21 20:29:58 [INFO] generating key: &{A:ecdsa S:256}
2017/10/21 20:29:58 [DEBUG] generate key from request: algo=ecdsa, size=256
2017/10/21 20:29:58 [INFO] encoded CSR
2017/10/21 20:29:58 [DEBUG] validating configuration
2017/10/21 20:29:58 [DEBUG] validate local profile
2017/10/21 20:29:58 [DEBUG] profile is valid
2017/10/21 20:29:58 [INFO] signed certificate with serial number 91717404114518532943907591706019682888388974084
2017/10/21 20:29:58 [INFO] The CA key and certificate were generated for CA 
2017/10/21 20:29:58 [INFO] The key was stored by BCCSP provider 'SW'
2017/10/21 20:29:58 [INFO] The certificate is at: /Users/vitalijreicherdt/BlockChain/Fabric/B9Lab/pcxchg/crypto-config/peerOrganizations/HP.com/ca/root/ca-cert.pem
2017/10/21 20:29:58 [DEBUG] Using sqlite database, connect to database in home (/Users/vitalijreicherdt/BlockChain/Fabric/B9Lab/pcxchg/crypto-config/peerOrganizations/HP.com/ca/root/fabric-ca-server.db) directory
2017/10/21 20:29:58 [DEBUG] Database (/Users/vitalijreicherdt/BlockChain/Fabric/B9Lab/pcxchg/crypto-config/peerOrganizations/HP.com/ca/root/fabric-ca-server.db) does not exist
2017/10/21 20:29:58 [DEBUG] Creating SQLite Database...
2017/10/21 20:29:58 [DEBUG] Database location: /Users/vitalijreicherdt/BlockChain/Fabric/B9Lab/pcxchg/crypto-config/peerOrganizations/HP.com/ca/root/fabric-ca-server.db
2017/10/21 20:29:58 [DEBUG] Creating tables...
2017/10/21 20:29:58 [DEBUG] Created users table
2017/10/21 20:29:58 [DEBUG] Created affiliation table
2017/10/21 20:29:58 [DEBUG] Created certificates table
2017/10/21 20:29:58 [DEBUG] Successfully opened sqlite3 DB
2017/10/21 20:29:58 [DEBUG] Initializing identity registry
2017/10/21 20:29:58 [DEBUG] Initialized DB identity registry
2017/10/21 20:29:58 [DEBUG] Loading identity table
2017/10/21 20:29:58 [DEBUG] Loading identity 'admin'
2017/10/21 20:29:58 [DEBUG] DB: Getting identity admin
2017/10/21 20:29:58 [DEBUG] Max enrollment value verification - User specified max enrollment: -1, CA max enrollment: -1
2017/10/21 20:29:58 [DEBUG] DB: Add identity admin
2017/10/21 20:29:58 [DEBUG] Successfully added identity admin to the database
2017/10/21 20:29:58 [DEBUG] Registered identity: { Name:**** Pass:**** Type:client Affiliation: MaxEnrollments:-1 Attrs:map[hf.Registrar.Roles:client,user,peer,validator,auditor hf.Registrar.DelegateRoles:client,user,validator,auditor hf.Revoker:1 hf.IntermediateCA:1]  }
2017/10/21 20:29:58 [DEBUG] Successfully loaded identity table
2017/10/21 20:29:58 [DEBUG] Loading affiliations table
2017/10/21 20:29:58 [DEBUG] Adding affiliation org1
2017/10/21 20:29:58 [DEBUG] DB: Add affiliation org1
2017/10/21 20:29:58 [DEBUG] Adding affiliation org1.department1
2017/10/21 20:29:58 [DEBUG] DB: Add affiliation org1.department1
2017/10/21 20:29:58 [DEBUG] Adding affiliation org1.department2
2017/10/21 20:29:58 [DEBUG] DB: Add affiliation org1.department2
2017/10/21 20:29:58 [DEBUG] Adding affiliation org2
2017/10/21 20:29:58 [DEBUG] DB: Add affiliation org2
2017/10/21 20:29:58 [DEBUG] Adding affiliation org2.department1
2017/10/21 20:29:58 [DEBUG] DB: Add affiliation org2.department1
2017/10/21 20:29:58 [DEBUG] Successfully loaded affiliations table
2017/10/21 20:29:58 [DEBUG] Successfully loaded groups table
2017/10/21 20:29:58 [INFO] Initialized sqlite3 database
2017/10/21 20:29:58 [DEBUG] Initializing enrollment signer
2017/10/21 20:29:58 [DEBUG] validating configuration
2017/10/21 20:29:58 [DEBUG] validate local profile
2017/10/21 20:29:58 [DEBUG] profile is valid
2017/10/21 20:29:58 [DEBUG] validate local profile
2017/10/21 20:29:58 [DEBUG] profile is valid
2017/10/21 20:29:58 [DEBUG] CA initialization successful
2017/10/21 20:29:58 [INFO] Home directory for default CA: /Users/vitalijreicherdt/BlockChain/Fabric/B9Lab/pcxchg/crypto-config/peerOrganizations/HP.com/ca/root
2017/10/21 20:29:58 [DEBUG] 1 CA instance(s) running on server
2017/10/21 20:29:58 [INFO] Listening on http://0.0.0.0:7106
2017/10/21 20:29:59 [DEBUG] Received request
POST /enroll
Authorization: Basic YWRtaW46YWRtaW5wdw==
{"hosts":["root","root"],"certificate_request":"-----BEGIN CERTIFICATE REQUEST-----\nMIIBPzCB5wIBADBdMQswCQYDVQQGEwJVUzEXMBUGA1UECBMOTm9ydGggQ2Fyb2xp\nbmExFDASBgNVBAoTC0h5cGVybGVkZ2VyMQ8wDQYDVQQLEwZGYWJyaWMxDjAMBgNV\nBAMTBWFkbWluMFkwEwYHKoZIzj0CAQYIKoZIzj0DAQcDQgAEMCrV0WVZBV/GLjew\n+QFfZO6+7bYGnBsvMGxiJtzIJZZ06HUpQOLfS+BwfpkVro7CZjlHV7ON6ZpUUXXo\noE/gKaAoMCYGCSqGSIb3DQEJDjEZMBcwFQYDVR0RBA4wDIIEcm9vdIIEcm9vdDAK\nBggqhkjOPQQDAgNHADBEAiA9XnV8lvojpJAsLpofxSrHocX0YgfUcveq/Chxo461\nrwIgcVKtPId/plCG8W3fkJxEDj7fnu0Nzslv9ePuy+sK88A=\n-----END CERTIFICATE REQUEST-----\n","profile":"tls","crl_override":"","label":"","CAName":""}
2017/10/21 20:29:59 [DEBUG] Directing traffic to default CA
2017/10/21 20:29:59 [DEBUG] DB: Getting identity admin
2017/10/21 20:29:59 [DEBUG] DB: Login user admin with max enrollments of -1 and state of 0
2017/10/21 20:29:59 [DEBUG] Successfully incremented state for identity admin to 1
2017/10/21 20:29:59 [DEBUG] DB: identity admin successfully logged in
2017/10/21 20:29:59 [DEBUG] Identity/Pass was correct
2017/10/21 20:29:59 [DEBUG] Received request for endpoint enroll
2017/10/21 20:29:59 [DEBUG] Enrollment request: {SignRequest:{Hosts:[root root] Request:-----BEGIN CERTIFICATE REQUEST-----
MIIBPzCB5wIBADBdMQswCQYDVQQGEwJVUzEXMBUGA1UECBMOTm9ydGggQ2Fyb2xp
bmExFDASBgNVBAoTC0h5cGVybGVkZ2VyMQ8wDQYDVQQLEwZGYWJyaWMxDjAMBgNV
BAMTBWFkbWluMFkwEwYHKoZIzj0CAQYIKoZIzj0DAQcDQgAEMCrV0WVZBV/GLjew
+QFfZO6+7bYGnBsvMGxiJtzIJZZ06HUpQOLfS+BwfpkVro7CZjlHV7ON6ZpUUXXo
oE/gKaAoMCYGCSqGSIb3DQEJDjEZMBcwFQYDVR0RBA4wDIIEcm9vdIIEcm9vdDAK
BggqhkjOPQQDAgNHADBEAiA9XnV8lvojpJAsLpofxSrHocX0YgfUcveq/Chxo461
rwIgcVKtPId/plCG8W3fkJxEDj7fnu0Nzslv9ePuy+sK88A=
-----END CERTIFICATE REQUEST-----
 Subject:<nil> Profile:tls CRLOverride: Label: Serial:<nil> Extensions:[]} CAName:}
2017/10/21 20:29:59 [DEBUG] csrAuthCheck: enrollment ID=admin, CommonName=admin, Subject=<nil>
2017/10/21 20:29:59 [DEBUG] CSR authorization check passed
2017/10/21 20:29:59 [DEBUG] Checking CSR fields to make sure that they do not exceed maximum character limits
2017/10/21 20:29:59 [INFO] signed certificate with serial number 293274151830515977944563931140292295752138004033
2017/10/21 20:29:59 [DEBUG] DB: Insert Certificate
2017/10/21 20:29:59 [DEBUG] Saved serial number as hex 335ede27cc23f0ac1455a219730fe4f5191a9641
2017/10/21 20:29:59 [DEBUG] saved certificate with serial number 293274151830515977944563931140292295752138004033
2017/10/21 20:29:59 [INFO] [::1]:60408 - "POST /enroll" 200
2017/10/21 20:29:59 [DEBUG] Received request
POST /enroll
Authorization: Basic YWRtaW46YWRtaW5wdw==
{"hosts":["Vitalijs-MBP-2.fritz.box"],"certificate_request":"-----BEGIN CERTIFICATE REQUEST-----\nMIIBTTCB9QIBADBdMQswCQYDVQQGEwJVUzEXMBUGA1UECBMOTm9ydGggQ2Fyb2xp\nbmExFDASBgNVBAoTC0h5cGVybGVkZ2VyMQ8wDQYDVQQLEwZGYWJyaWMxDjAMBgNV\nBAMTBWFkbWluMFkwEwYHKoZIzj0CAQYIKoZIzj0DAQcDQgAEOA0jV0A9CkGzGz/U\npGnbgwmTL+qJlHlhQKFXbb6DfjQx3cUqrbwiaLoiVQGmv2YRMRT93YCwhfj1p4cQ\nzGTg5KA2MDQGCSqGSIb3DQEJDjEnMCUwIwYDVR0RBBwwGoIYVml0YWxpanMtTUJQ\nLTIuZnJpdHouYm94MAoGCCqGSM49BAMCA0cAMEQCIAjLgXny81z/qJ/FQaAb0Suv\nHKH39m7fxhGadwUN3h28AiBy9CsLtYV633/saHuZhJgfKxPqUHrQYbDGZaTtz1UL\nnw==\n-----END CERTIFICATE REQUEST-----\n","profile":"","crl_override":"","label":"","CAName":""}
2017/10/21 20:29:59 [DEBUG] Directing traffic to default CA
2017/10/21 20:29:59 [DEBUG] DB: Getting identity admin
2017/10/21 20:29:59 [DEBUG] DB: Login user admin with max enrollments of -1 and state of 1
2017/10/21 20:29:59 [DEBUG] Successfully incremented state for identity admin to 2
2017/10/21 20:29:59 [DEBUG] DB: identity admin successfully logged in
2017/10/21 20:29:59 [DEBUG] Identity/Pass was correct
2017/10/21 20:29:59 [DEBUG] Received request for endpoint enroll
2017/10/21 20:29:59 [DEBUG] Enrollment request: {SignRequest:{Hosts:[Vitalijs-MBP-2.fritz.box] Request:-----BEGIN CERTIFICATE REQUEST-----
MIIBTTCB9QIBADBdMQswCQYDVQQGEwJVUzEXMBUGA1UECBMOTm9ydGggQ2Fyb2xp
bmExFDASBgNVBAoTC0h5cGVybGVkZ2VyMQ8wDQYDVQQLEwZGYWJyaWMxDjAMBgNV
BAMTBWFkbWluMFkwEwYHKoZIzj0CAQYIKoZIzj0DAQcDQgAEOA0jV0A9CkGzGz/U
pGnbgwmTL+qJlHlhQKFXbb6DfjQx3cUqrbwiaLoiVQGmv2YRMRT93YCwhfj1p4cQ
zGTg5KA2MDQGCSqGSIb3DQEJDjEnMCUwIwYDVR0RBBwwGoIYVml0YWxpanMtTUJQ
LTIuZnJpdHouYm94MAoGCCqGSM49BAMCA0cAMEQCIAjLgXny81z/qJ/FQaAb0Suv
HKH39m7fxhGadwUN3h28AiBy9CsLtYV633/saHuZhJgfKxPqUHrQYbDGZaTtz1UL
nw==
-----END CERTIFICATE REQUEST-----
 Subject:<nil> Profile: CRLOverride: Label: Serial:<nil> Extensions:[]} CAName:}
2017/10/21 20:29:59 [DEBUG] csrAuthCheck: enrollment ID=admin, CommonName=admin, Subject=<nil>
2017/10/21 20:29:59 [DEBUG] CSR authorization check passed
2017/10/21 20:29:59 [DEBUG] Checking CSR fields to make sure that they do not exceed maximum character limits
2017/10/21 20:29:59 [INFO] signed certificate with serial number 635268919130722042291026472314911112276752229189
2017/10/21 20:29:59 [DEBUG] DB: Insert Certificate
2017/10/21 20:29:59 [DEBUG] Saved serial number as hex 6f46718c3a5517e52fdd549503cfa4982ff86345
2017/10/21 20:29:59 [DEBUG] saved certificate with serial number 635268919130722042291026472314911112276752229189
2017/10/21 20:29:59 [INFO] [::1]:60411 - "POST /enroll" 200
2017/10/21 20:29:59 [DEBUG] Received request
POST /enroll
Authorization: Basic YWRtaW46YWRtaW5wdw==
{"hosts":["Vitalijs-MBP-2.fritz.box","localhost"],"certificate_request":"-----BEGIN CERTIFICATE REQUEST-----\nMIIBazCCARECAQAwXTELMAkGA1UEBhMCVVMxFzAVBgNVBAgTDk5vcnRoIENhcm9s\naW5hMRQwEgYDVQQKEwtIeXBlcmxlZGdlcjEPMA0GA1UECxMGRmFicmljMQ4wDAYD\nVQQDEwVhZG1pbjBZMBMGByqGSM49AgEGCCqGSM49AwEHA0IABEPnK1GJsz3CTiPD\n0OODupi41SAYR82Wp/zLdJuUaMTyaEexYzokyI2w33K/PBy2jYCf9dmJHA18Gm/D\nUpL4kcSgUjBQBgkqhkiG9w0BCQ4xQzBBMC4GA1UdEQQnMCWCGFZpdGFsaWpzLU1C\nUC0yLmZyaXR6LmJveIIJbG9jYWxob3N0MA8GA1UdEwQIMAYBAf8CAQAwCgYIKoZI\nzj0EAwIDSAAwRQIhAMO6g0cVjqdPAqcSa0SjQX8QvA1tRBvw8lDZGpWTcvomAiA8\ne7QyiHAD581h/Y9fkUWqa+va0nEuLetIQr1jG7Q6Yg==\n-----END CERTIFICATE REQUEST-----\n","profile":"ca","crl_override":"","label":"","CAName":""}
2017/10/21 20:29:59 [DEBUG] Directing traffic to default CA
2017/10/21 20:29:59 [DEBUG] DB: Getting identity admin
2017/10/21 20:29:59 [DEBUG] DB: Login user admin with max enrollments of -1 and state of 2
2017/10/21 20:29:59 [DEBUG] Successfully incremented state for identity admin to 3
2017/10/21 20:29:59 [DEBUG] DB: identity admin successfully logged in
2017/10/21 20:29:59 [DEBUG] Identity/Pass was correct
2017/10/21 20:29:59 [DEBUG] Received request for endpoint enroll
2017/10/21 20:29:59 [DEBUG] Enrollment request: {SignRequest:{Hosts:[Vitalijs-MBP-2.fritz.box localhost] Request:-----BEGIN CERTIFICATE REQUEST-----
MIIBazCCARECAQAwXTELMAkGA1UEBhMCVVMxFzAVBgNVBAgTDk5vcnRoIENhcm9s
aW5hMRQwEgYDVQQKEwtIeXBlcmxlZGdlcjEPMA0GA1UECxMGRmFicmljMQ4wDAYD
VQQDEwVhZG1pbjBZMBMGByqGSM49AgEGCCqGSM49AwEHA0IABEPnK1GJsz3CTiPD
0OODupi41SAYR82Wp/zLdJuUaMTyaEexYzokyI2w33K/PBy2jYCf9dmJHA18Gm/D
UpL4kcSgUjBQBgkqhkiG9w0BCQ4xQzBBMC4GA1UdEQQnMCWCGFZpdGFsaWpzLU1C
UC0yLmZyaXR6LmJveIIJbG9jYWxob3N0MA8GA1UdEwQIMAYBAf8CAQAwCgYIKoZI
zj0EAwIDSAAwRQIhAMO6g0cVjqdPAqcSa0SjQX8QvA1tRBvw8lDZGpWTcvomAiA8
e7QyiHAD581h/Y9fkUWqa+va0nEuLetIQr1jG7Q6Yg==
-----END CERTIFICATE REQUEST-----
 Subject:<nil> Profile:ca CRLOverride: Label: Serial:<nil> Extensions:[]} CAName:}
2017/10/21 20:29:59 [DEBUG] csrAuthCheck: enrollment ID=admin, CommonName=admin, Subject=<nil>
2017/10/21 20:29:59 [DEBUG] CSR request received for an intermediate CA
2017/10/21 20:29:59 [DEBUG] getUserAttrValue identity=admin, attr=hf.IntermediateCA
2017/10/21 20:29:59 [DEBUG] DB: Getting identity admin
2017/10/21 20:29:59 [DEBUG] getUserAttrValue identity=admin, name=hf.IntermediateCA, value=1
2017/10/21 20:29:59 [INFO] signed certificate with serial number 488469109864555928046196599071615460267118357274
2017/10/21 20:29:59 [DEBUG] DB: Insert Certificate
2017/10/21 20:29:59 [DEBUG] Saved serial number as hex 558fb661fe10ae0ae3feea48572bf2e06c10eb1a
2017/10/21 20:29:59 [DEBUG] saved certificate with serial number 488469109864555928046196599071615460267118357274
2017/10/21 20:29:59 [INFO] [::1]:60414 - "POST /enroll" 200
2017/10/21 20:30:01 [DEBUG] Received request
POST /enroll
Authorization: Basic YWRtaW46YWRtaW5wdw==
{"hosts":["peer0.HP.com","peer0"],"certificate_request":"-----BEGIN CERTIFICATE REQUEST-----\nMIIBSTCB8AIBADBdMQswCQYDVQQGEwJVUzEXMBUGA1UECBMOTm9ydGggQ2Fyb2xp\nbmExFDASBgNVBAoTC0h5cGVybGVkZ2VyMQ8wDQYDVQQLEwZGYWJyaWMxDjAMBgNV\nBAMTBWFkbWluMFkwEwYHKoZIzj0CAQYIKoZIzj0DAQcDQgAEEw2PLlsU9SApYQm5\n9SjW66gJ7eFCi721EY1vid5Eqwwz/l62muu2kdUeA4n4dPuoW34kHbVR508iuMTU\nECK276AxMC8GCSqGSIb3DQEJDjEiMCAwHgYDVR0RBBcwFYIMcGVlcjAuSFAuY29t\nggVwZWVyMDAKBggqhkjOPQQDAgNIADBFAiEAhrXPJZp8HmmKU3H2YqpxbSKTpEcy\niAbuheuOGviGvkYCIA/YC9nhPE6ydtTR9v0waOokJP/ihs7v6aOl6GyDEYW1\n-----END CERTIFICATE REQUEST-----\n","profile":"tls","crl_override":"","label":"","CAName":""}
2017/10/21 20:30:01 [DEBUG] Directing traffic to default CA
2017/10/21 20:30:01 [DEBUG] DB: Getting identity admin
2017/10/21 20:30:01 [DEBUG] DB: Login user admin with max enrollments of -1 and state of 3
2017/10/21 20:30:01 [DEBUG] Successfully incremented state for identity admin to 4
2017/10/21 20:30:01 [DEBUG] DB: identity admin successfully logged in
2017/10/21 20:30:01 [DEBUG] Identity/Pass was correct
2017/10/21 20:30:01 [DEBUG] Received request for endpoint enroll
2017/10/21 20:30:01 [DEBUG] Enrollment request: {SignRequest:{Hosts:[peer0.HP.com peer0] Request:-----BEGIN CERTIFICATE REQUEST-----
MIIBSTCB8AIBADBdMQswCQYDVQQGEwJVUzEXMBUGA1UECBMOTm9ydGggQ2Fyb2xp
bmExFDASBgNVBAoTC0h5cGVybGVkZ2VyMQ8wDQYDVQQLEwZGYWJyaWMxDjAMBgNV
BAMTBWFkbWluMFkwEwYHKoZIzj0CAQYIKoZIzj0DAQcDQgAEEw2PLlsU9SApYQm5
9SjW66gJ7eFCi721EY1vid5Eqwwz/l62muu2kdUeA4n4dPuoW34kHbVR508iuMTU
ECK276AxMC8GCSqGSIb3DQEJDjEiMCAwHgYDVR0RBBcwFYIMcGVlcjAuSFAuY29t
ggVwZWVyMDAKBggqhkjOPQQDAgNIADBFAiEAhrXPJZp8HmmKU3H2YqpxbSKTpEcy
iAbuheuOGviGvkYCIA/YC9nhPE6ydtTR9v0waOokJP/ihs7v6aOl6GyDEYW1
-----END CERTIFICATE REQUEST-----
 Subject:<nil> Profile:tls CRLOverride: Label: Serial:<nil> Extensions:[]} CAName:}
2017/10/21 20:30:01 [DEBUG] csrAuthCheck: enrollment ID=admin, CommonName=admin, Subject=<nil>
2017/10/21 20:30:01 [DEBUG] CSR authorization check passed
2017/10/21 20:30:01 [DEBUG] Checking CSR fields to make sure that they do not exceed maximum character limits
2017/10/21 20:30:01 [INFO] signed certificate with serial number 352499204988975602685859675558064223629661274468
2017/10/21 20:30:01 [DEBUG] DB: Insert Certificate
2017/10/21 20:30:01 [DEBUG] Saved serial number as hex 3dbe9c6c55b0436a89377e9a8897cb6266fd8164
2017/10/21 20:30:01 [DEBUG] saved certificate with serial number 352499204988975602685859675558064223629661274468
2017/10/21 20:30:01 [INFO] [::1]:60435 - "POST /enroll" 200
2017/10/21 20:30:01 [DEBUG] Received request
POST /enroll
Authorization: Basic YWRtaW46YWRtaW5wdw==
{"hosts":["peer1.HP.com","peer1"],"certificate_request":"-----BEGIN CERTIFICATE REQUEST-----\nMIIBSDCB8AIBADBdMQswCQYDVQQGEwJVUzEXMBUGA1UECBMOTm9ydGggQ2Fyb2xp\nbmExFDASBgNVBAoTC0h5cGVybGVkZ2VyMQ8wDQYDVQQLEwZGYWJyaWMxDjAMBgNV\nBAMTBWFkbWluMFkwEwYHKoZIzj0CAQYIKoZIzj0DAQcDQgAEf4pfoKCeLtDAS2r2\nhLAZoF2eL2HRopXuA5Pm1IU+gcSgRac9yrtlfjW0lTetc3eCJMPVzusF4OqJ/Iwd\nvrYkCqAxMC8GCSqGSIb3DQEJDjEiMCAwHgYDVR0RBBcwFYIMcGVlcjEuSFAuY29t\nggVwZWVyMTAKBggqhkjOPQQDAgNHADBEAiB0S+pQOfyVvctHYXKcYmnlSn/M2gOo\nZPHwwkmfSrXQHgIgDrgbI6csOTTBPOPJhB6LRY7/ov0fH4/43wWhBVU9+ak=\n-----END CERTIFICATE REQUEST-----\n","profile":"tls","crl_override":"","label":"","CAName":""}
2017/10/21 20:30:01 [DEBUG] Directing traffic to default CA
2017/10/21 20:30:01 [DEBUG] DB: Getting identity admin
2017/10/21 20:30:01 [DEBUG] DB: Login user admin with max enrollments of -1 and state of 4
2017/10/21 20:30:02 [DEBUG] Successfully incremented state for identity admin to 5
2017/10/21 20:30:02 [DEBUG] DB: identity admin successfully logged in
2017/10/21 20:30:02 [DEBUG] Identity/Pass was correct
2017/10/21 20:30:02 [DEBUG] Received request for endpoint enroll
2017/10/21 20:30:02 [DEBUG] Enrollment request: {SignRequest:{Hosts:[peer1.HP.com peer1] Request:-----BEGIN CERTIFICATE REQUEST-----
MIIBSDCB8AIBADBdMQswCQYDVQQGEwJVUzEXMBUGA1UECBMOTm9ydGggQ2Fyb2xp
bmExFDASBgNVBAoTC0h5cGVybGVkZ2VyMQ8wDQYDVQQLEwZGYWJyaWMxDjAMBgNV
BAMTBWFkbWluMFkwEwYHKoZIzj0CAQYIKoZIzj0DAQcDQgAEf4pfoKCeLtDAS2r2
hLAZoF2eL2HRopXuA5Pm1IU+gcSgRac9yrtlfjW0lTetc3eCJMPVzusF4OqJ/Iwd
vrYkCqAxMC8GCSqGSIb3DQEJDjEiMCAwHgYDVR0RBBcwFYIMcGVlcjEuSFAuY29t
ggVwZWVyMTAKBggqhkjOPQQDAgNHADBEAiB0S+pQOfyVvctHYXKcYmnlSn/M2gOo
ZPHwwkmfSrXQHgIgDrgbI6csOTTBPOPJhB6LRY7/ov0fH4/43wWhBVU9+ak=
-----END CERTIFICATE REQUEST-----
 Subject:<nil> Profile:tls CRLOverride: Label: Serial:<nil> Extensions:[]} CAName:}
2017/10/21 20:30:02 [DEBUG] csrAuthCheck: enrollment ID=admin, CommonName=admin, Subject=<nil>
2017/10/21 20:30:02 [DEBUG] CSR authorization check passed
2017/10/21 20:30:02 [DEBUG] Checking CSR fields to make sure that they do not exceed maximum character limits
2017/10/21 20:30:02 [INFO] signed certificate with serial number 526725931437271281247227307862673780806578854185
2017/10/21 20:30:02 [DEBUG] DB: Insert Certificate
2017/10/21 20:30:02 [DEBUG] Saved serial number as hex 5c433528171de36b8258c6c17147da4a5833d929
2017/10/21 20:30:02 [DEBUG] saved certificate with serial number 526725931437271281247227307862673780806578854185
2017/10/21 20:30:02 [INFO] [::1]:60444 - "POST /enroll" 200
